<?xml version="1.0" encoding="UTF-8"?>
<!-- Generated by org.testng.reporters.JUnitReportReporter -->
<testsuite hostname="LAPTOP-A95BR07E" failures="0" tests="7" name="testCase.LoginWithUnlockImg" time="11.136" errors="0" timestamp="2023-08-22T03:26:33 IST" skipped="0">
  <testcase classname="testCase.LoginWithUnlockImg" name="ClickOnChatMeButton" time="0.179"/>
  <testcase classname="testCase.LoginWithUnlockImg" name="ClickOnLetsStartBtn" time="0.113"/>
  <testcase classname="testCase.LoginWithUnlockImg" name="ClickOnMobileNumberInputBox" time="0.109"/>
  <testcase classname="testCase.LoginWithUnlockImg" name="EnterTheMobNumber" time="0.121"/>
  <testcase classname="testCase.LoginWithUnlockImg" name="ClickOnLoginContinueButton" time="0.128"/>
  <testcase classname="testCase.LoginWithUnlockImg" name="EntetTheOTP" time="1.718"/>
  <testcase classname="testCase.LoginWithUnlockImg" name="ClickOnUnlockImage" time="8.768"/>
</testsuite> <!-- testCase.LoginWithUnlockImg -->
